<?xml version="1.0" encoding="UTF-8"?>
<!-- Generated by org.testng.reporters.JUnitReportReporter -->
<testsuite hostname="LAPTOP-9D9SC1JO" failures="0" tests="5" name="pri.api.Test.HTTP_Request" time="6.160" errors="0" timestamp="2025-06-10T09:18:59 IST" skipped="0">
  <testcase classname="pri.api.Test.HTTP_Request" name="getListUser" time="3.798"/>
  <testcase classname="pri.api.Test.HTTP_Request" name="getSingleUser" time="0.205"/>
  <testcase classname="pri.api.Test.HTTP_Request" name="createUser" time="0.969"/>
  <testcase classname="pri.api.Test.HTTP_Request" name="updateUser" time="0.577"/>
  <testcase classname="pri.api.Test.HTTP_Request" name="deleteUser" time="0.611"/>
</testsuite> <!-- pri.api.Test.HTTP_Request -->
