<?xml version="1.0" encoding="UTF-8"?>
<!-- Generated by org.testng.reporters.JUnitReportReporter -->
<testsuite hostname="LAPTOP-9D9SC1JO" failures="0" tests="1" name="api.test.UserTest" time="4.997" errors="0" timestamp="2025-06-06T22:20:30 IST" skipped="0">
  <testcase classname="api.test.UserTest" name="testPostUser" time="4.997"/>
</testsuite> <!-- api.test.UserTest -->
