<?xml version="1.0" encoding="UTF-8"?>
<!-- Generated by org.testng.reporters.JUnitReportReporter -->
<testsuite hostname="LAPTOP-9D9SC1JO" failures="0" tests="1" name="pri.api.Test.DifferentWaysOfCreatePostRequestBody" time="2.240" errors="0" timestamp="2025-06-15T13:08:32 IST" skipped="0">
  <testcase classname="pri.api.Test.DifferentWaysOfCreatePostRequestBody" name="PostbyExternalJson" time="2.240"/>
</testsuite> <!-- pri.api.Test.DifferentWaysOfCreatePostRequestBody -->
